# JRE version: Java(TM) SE Runtime Environment (8.0_74-b02) (build 1.8.0_74-b02)
# Java VM: Java HotSpot(TM) 64-Bit Server VM (25.74-b02 mixed mode windows-amd64 compressed oops)
Heap:
 PSYoungGen      total 212480K, used 92890K [0x00000000d5b80000, 0x00000000e3580000, 0x0000000100000000)
  eden space 204800K, 42% used [0x00000000d5b80000,0x00000000db01a6d8,0x00000000e2380000)
  from space 7680K, 81% used [0x00000000e2e00000,0x00000000e341c340,0x00000000e3580000)
  to   space 9216K, 0% used [0x00000000e2380000,0x00000000e2380000,0x00000000e2c80000)
 ParOldGen       total 46080K, used 6232K [0x0000000081200000, 0x0000000083f00000, 0x00000000d5b80000)
  object space 46080K, 13% used [0x0000000081200000,0x0000000081816208,0x0000000083f00000)
 Metaspace       used 31334K, capacity 31659K, committed 31872K, reserved 1077248K
  class space    used 4034K, capacity 4117K, committed 4224K, reserved 1048576K
GC Heap History (10 events):
Event: 21.046 GC heap before
{Heap before GC invocations=7 (full 0):
 PSYoungGen      total 74752K, used 73574K [0x00000000d5b80000, 0x00000000dac80000, 0x0000000100000000)
  eden space 66560K, 100% used [0x00000000d5b80000,0x00000000d9c80000,0x00000000d9c80000)
  from space 8192K, 85% used [0x00000000da480000,0x00000000dab599c8,0x00000000dac80000)
  to   space 8192K, 0% used [0x00000000d9c80000,0x00000000d9c80000,0x00000000da480000)
 ParOldGen       total 87552K, used 4336K [0x0000000081200000, 0x0000000086780000, 0x00000000d5b80000)
  object space 87552K, 4% used [0x0000000081200000,0x000000008163c128,0x0000000086780000)
 Metaspace       used 20208K, capacity 20524K, committed 20864K, reserved 1067008K
  class space    used 2591K, capacity 2670K, committed 2688K, reserved 1048576K
Event: 21.050 GC heap after
Heap after GC invocations=7 (full 0):
 PSYoungGen      total 74752K, used 1392K [0x00000000d5b80000, 0x00000000def80000, 0x0000000100000000)
  eden space 66560K, 0% used [0x00000000d5b80000,0x00000000d5b80000,0x00000000d9c80000)
  from space 8192K, 16% used [0x00000000d9c80000,0x00000000d9ddc020,0x00000000da480000)
  to   space 9216K, 0% used [0x00000000de680000,0x00000000de680000,0x00000000def80000)
 ParOldGen       total 87552K, used 8144K [0x0000000081200000, 0x0000000086780000, 0x00000000d5b80000)
  object space 87552K, 9% used [0x0000000081200000,0x00000000819f41c0,0x0000000086780000)
 Metaspace       used 20208K, capacity 20524K, committed 20864K, reserved 1067008K
  class space    used 2591K, capacity 2670K, committed 2688K, reserved 1048576K
}
Event: 22.057 GC heap before
{Heap before GC invocations=8 (full 0):
 PSYoungGen      total 74752K, used 39506K [0x00000000d5b80000, 0x00000000def80000, 0x0000000100000000)
  eden space 66560K, 57% used [0x00000000d5b80000,0x00000000d80b8a40,0x00000000d9c80000)
  from space 8192K, 16% used [0x00000000d9c80000,0x00000000d9ddc020,0x00000000da480000)
  to   space 9216K, 0% used [0x00000000de680000,0x00000000de680000,0x00000000def80000)
 ParOldGen       total 87552K, used 8144K [0x0000000081200000, 0x0000000086780000, 0x00000000d5b80000)
  object space 87552K, 9% used [0x0000000081200000,0x00000000819f41c0,0x0000000086780000)
 Metaspace       used 20801K, capacity 21074K, committed 21248K, reserved 1067008K
  class space    used 2665K, capacity 2767K, committed 2816K, reserved 1048576K
Event: 22.059 GC heap after
Heap after GC invocations=8 (full 0):
 PSYoungGen      total 141824K, used 1223K [0x00000000d5b80000, 0x00000000df080000, 0x0000000100000000)
  eden space 132608K, 0% used [0x00000000d5b80000,0x00000000d5b80000,0x00000000ddd00000)
  from space 9216K, 13% used [0x00000000de680000,0x00000000de7b1cb8,0x00000000def80000)
  to   space 9728K, 0% used [0x00000000ddd00000,0x00000000ddd00000,0x00000000de680000)
 ParOldGen       total 87552K, used 8690K [0x0000000081200000, 0x0000000086780000, 0x00000000d5b80000)
  object space 87552K, 9% used [0x0000000081200000,0x0000000081a7c930,0x0000000086780000)
 Metaspace       used 20801K, capacity 21074K, committed 21248K, reserved 1067008K
  class space    used 2665K, capacity 2767K, committed 2816K, reserved 1048576K
}
Event: 22.059 GC heap before
{Heap before GC invocations=9 (full 1):
 PSYoungGen      total 141824K, used 1223K [0x00000000d5b80000, 0x00000000df080000, 0x0000000100000000)
  eden space 132608K, 0% used [0x00000000d5b80000,0x00000000d5b80000,0x00000000ddd00000)
  from space 9216K, 13% used [0x00000000de680000,0x00000000de7b1cb8,0x00000000def80000)
  to   space 9728K, 0% used [0x00000000ddd00000,0x00000000ddd00000,0x00000000de680000)
 ParOldGen       total 87552K, used 8690K [0x0000000081200000, 0x0000000086780000, 0x00000000d5b80000)
  object space 87552K, 9% used [0x0000000081200000,0x0000000081a7c930,0x0000000086780000)
 Metaspace       used 20801K, capacity 21074K, committed 21248K, reserved 1067008K
  class space    used 2665K, capacity 2767K, committed 2816K, reserved 1048576K
Event: 22.087 GC heap after
Heap after GC invocations=9 (full 1):
 PSYoungGen      total 141824K, used 0K [0x00000000d5b80000, 0x00000000df080000, 0x0000000100000000)
  eden space 132608K, 0% used [0x00000000d5b80000,0x00000000d5b80000,0x00000000ddd00000)
  from space 9216K, 0% used [0x00000000de680000,0x00000000de680000,0x00000000def80000)
  to   space 9728K, 0% used [0x00000000ddd00000,0x00000000ddd00000,0x00000000de680000)
 ParOldGen       total 46080K, used 6216K [0x0000000081200000, 0x0000000083f00000, 0x00000000d5b80000)
  object space 46080K, 13% used [0x0000000081200000,0x0000000081812208,0x0000000083f00000)
 Metaspace       used 20801K, capacity 21074K, committed 21248K, reserved 1067008K
  class space    used 2665K, capacity 2767K, committed 2816K, reserved 1048576K
}
Event: 23.554 GC heap before
{Heap before GC invocations=10 (full 1):
 PSYoungGen      total 141824K, used 132608K [0x00000000d5b80000, 0x00000000df080000, 0x0000000100000000)
  eden space 132608K, 100% used [0x00000000d5b80000,0x00000000ddd00000,0x00000000ddd00000)
  from space 9216K, 0% used [0x00000000de680000,0x00000000de680000,0x00000000def80000)
  to   space 9728K, 0% used [0x00000000ddd00000,0x00000000ddd00000,0x00000000de680000)
 ParOldGen       total 46080K, used 6216K [0x0000000081200000, 0x0000000083f00000, 0x00000000d5b80000)
  object space 46080K, 13% used [0x0000000081200000,0x0000000081812208,0x0000000083f00000)
 Metaspace       used 25483K, capacity 25746K, committed 26112K, reserved 1071104K
  class space    used 3462K, capacity 3535K, committed 3584K, reserved 1048576K
Event: 23.559 GC heap after
Heap after GC invocations=10 (full 1):
 PSYoungGen      total 142336K, used 5120K [0x00000000d5b80000, 0x00000000e3700000, 0x0000000100000000)
  eden space 132608K, 0% used [0x00000000d5b80000,0x00000000d5b80000,0x00000000ddd00000)
  from space 9728K, 52% used [0x00000000ddd00000,0x00000000de200320,0x00000000de680000)
  to   space 9216K, 0% used [0x00000000e2e00000,0x00000000e2e00000,0x00000000e3700000)
 ParOldGen       total 46080K, used 6224K [0x0000000081200000, 0x0000000083f00000, 0x00000000d5b80000)
  object space 46080K, 13% used [0x0000000081200000,0x0000000081814208,0x0000000083f00000)
 Metaspace       used 25483K, capacity 25746K, committed 26112K, reserved 1071104K
  class space    used 3462K, capacity 3535K, committed 3584K, reserved 1048576K
}
Event: 25.023 GC heap before
{Heap before GC invocations=11 (full 1):
 PSYoungGen      total 142336K, used 137348K [0x00000000d5b80000, 0x00000000e3700000, 0x0000000100000000)
  eden space 132608K, 99% used [0x00000000d5b80000,0x00000000ddca0fb0,0x00000000ddd00000)
  from space 9728K, 52% used [0x00000000ddd00000,0x00000000de200320,0x00000000de680000)
  to   space 9216K, 0% used [0x00000000e2e00000,0x00000000e2e00000,0x00000000e3700000)
 ParOldGen       total 46080K, used 6224K [0x0000000081200000, 0x0000000083f00000, 0x00000000d5b80000)
  object space 46080K, 13% used [0x0000000081200000,0x0000000081814208,0x0000000083f00000)
 Metaspace       used 27899K, capacity 28280K, committed 28544K, reserved 1073152K
  class space    used 3842K, capacity 3931K, committed 3968K, reserved 1048576K
Event: 25.028 GC heap after
Heap after GC invocations=11 (full 1):
 PSYoungGen      total 212480K, used 6256K [0x00000000d5b80000, 0x00000000e3580000, 0x0000000100000000)
  eden space 204800K, 0% used [0x00000000d5b80000,0x00000000d5b80000,0x00000000e2380000)
  from space 7680K, 81% used [0x00000000e2e00000,0x00000000e341c340,0x00000000e3580000)
  to   space 9216K, 0% used [0x00000000e2380000,0x00000000e2380000,0x00000000e2c80000)
 ParOldGen       total 46080K, used 6232K [0x0000000081200000, 0x0000000083f00000, 0x00000000d5b80000)
  object space 46080K, 13% used [0x0000000081200000,0x0000000081816208,0x0000000083f00000)
 Metaspace       used 27899K, capacity 28280K, committed 28544K, reserved 1073152K
  class space    used 3842K, capacity 3931K, committed 3968K, reserved 1048576K
}

